{"C:/Users/xinliang/Desktop/MY/xinl-ui/src/button/Button.tsx": {"path":"C:/Users/xinliang/Desktop/MY/xinl-ui/src/button/Button.tsx","statementMap":{"0":{"start":{"line":14,"column":21},"end":{"line":27,"column":1}},"1":{"start":{"line":28,"column":15},"end":{"line":55,"column":2}},"2":{"start":{"line":32,"column":4},"end":{"line":53,"column":null}},"3":{"start":{"line":32,"column":11},"end":{"line":51,"column":null}}},"fnMap":{"0":{"name":"(anonymous_0)","decl":{"start":{"line":31,"column":2},"end":{"line":31,"column":7}},"loc":{"start":{"line":31,"column":26},"end":{"line":54,"column":null}}},"1":{"name":"(anonymous_1)","decl":{"start":{"line":32,"column":11},"end":{"line":32,"column":null}},"loc":{"start":{"line":32,"column":11},"end":{"line":51,"column":null}}}},"branchMap":{"0":{"loc":{"start":{"line":42,"column":28},"end":{"line":42,"column":56}},"type":"cond-expr","locations":[{"start":{"line":42,"column":42},"end":{"line":42,"column":47}},{"start":{"line":42,"column":50},"end":{"line":42,"column":56}}]},"1":{"loc":{"start":{"line":44,"column":15},"end":{"line":44,"column":60}},"type":"cond-expr","locations":[{"start":{"line":44,"column":29},"end":{"line":44,"column":49}},{"start":{"line":44,"column":52},"end":{"line":44,"column":60}}]},"2":{"loc":{"start":{"line":45,"column":32},"end":{"line":45,"column":60}},"type":"cond-expr","locations":[{"start":{"line":45,"column":46},"end":{"line":45,"column":51}},{"start":{"line":45,"column":54},"end":{"line":45,"column":60}}]},"3":{"loc":{"start":{"line":47,"column":17},"end":{"line":47,"column":41}},"type":"cond-expr","locations":[{"start":{"line":47,"column":31},"end":{"line":47,"column":34}},{"start":{"line":47,"column":37},"end":{"line":47,"column":41}}]},"4":{"loc":{"start":{"line":50,"column":9},"end":{"line":50,"column":77}},"type":"cond-expr","locations":[{"start":{"line":50,"column":26},"end":{"line":50,"column":75}},{"start":{"line":50,"column":75},"end":{"line":50,"column":77}}]},"5":{"loc":{"start":{"line":51,"column":9},"end":{"line":51,"column":45}},"type":"cond-expr","locations":[{"start":{"line":51,"column":25},"end":{"line":51,"column":40}},{"start":{"line":51,"column":43},"end":{"line":51,"column":45}}]}},"s":{"0":1,"1":1,"2":4,"3":4},"f":{"0":4,"1":4},"b":{"0":[2,2],"1":[2,2],"2":[2,2],"3":[2,2],"4":[0,4],"5":[4,0]}}
}
